<?xml version="1.0" encoding="UTF-8"?>
<testsuite name="homework.CustomerTest" tests="5" skipped="0" failures="0" errors="0" timestamp="2022-02-20T11:44:31" hostname="maxim-HP-Pavilion-Gaming-Laptop-15-ec1xxx" time="0.056">
  <properties/>
  <testcase name="Проверяем, что класс Customer не сломан" classname="homework.CustomerTest" time="0.045"/>
  <testcase name="Объект Customer как ключ в карте" classname="homework.CustomerTest" time="0.001"/>
  <testcase name="Модификация коллекции" classname="homework.CustomerTest" time="0.001"/>
  <testcase name="Сортировка по полю score, итерация по возрастанию" classname="homework.CustomerTest" time="0.001"/>
  <testcase name="Возвращание в обратном порядке" classname="homework.CustomerTest" time="0.005"/>
  <system-out><![CDATA[]]></system-out>
  <system-err><![CDATA[]]></system-err>
</testsuite>
